2025-01-22 16:13:03.278 | INFO     | logger:log:13 - Last sync time: 2025-01-10 03:26:03.331310
2025-01-22 16:23:30.330 | INFO     | logger:log:13 - Last sync time: 2025-01-10 03:26:03.331310
2025-01-22 16:30:54.467 | INFO     | logger:log:13 - Last sync time: 2025-01-10 03:26:03.331310
2025-01-22 16:45:24.764 | INFO     | logger:log:13 - Last sync time: 2025-01-10 03:26:03.331310
2025-01-22 16:46:45.018 | INFO     | logger:log:13 - Last sync time: 2025-01-10 03:26:03.331310
2025-01-22 16:47:53.473 | INFO     | logger:log:13 - Number of flomo memos to sync: 45
2025-01-22 16:49:58.191 | INFO     | logger:log:13 - Last sync time: 2025-01-10 03:26:03.331310
2025-01-22 16:51:43.365 | INFO     | logger:log:13 - Last sync time: 2025-01-10 03:26:03.331310
2025-01-22 16:52:11.685 | INFO     | logger:log:13 - Number of flomo memos to sync: 31
2025-01-22 16:54:29.984 | INFO     | logger:log:13 - Last sync time: 2025-01-10 03:26:03.331310
2025-01-22 16:54:49.528 | INFO     | logger:log:13 - Number of flomo memos to sync: 31
2025-01-22 16:58:44.631 | INFO     | logger:log:13 - Last sync time: 2025-01-10 03:26:03.331310
2025-01-22 17:07:04.252 | INFO     | logger:log:13 - Last sync time: 2025-01-10 03:26:03.331310
2025-01-22 17:09:49.236 | INFO     | logger:log:13 - Last sync time: 2025-01-10 03:26:03.331310
2025-01-22 17:12:54.115 | INFO     | logger:log:13 - Last sync time: 2025-01-10 03:26:03.331310
2025-01-22 17:14:52.680 | INFO     | logger:log:13 - Last sync time: 2025-01-10 03:26:03.331310
2025-01-22 17:15:07.501 | INFO     | logger:log:13 - Last sync time: 2025-01-10 03:26:03.331310
2025-01-22 17:18:39.874 | INFO     | logger:log:13 - Last sync time: 2025-01-10 03:26:03.331310
2025-01-22 17:22:11.718 | INFO     | logger:log:13 - Last sync time: 2025-01-10 03:26:03.331310
2025-01-22 17:26:01.530 | INFO     | logger:log:13 - Last sync time: 2025-01-10 03:26:03.331310
2025-01-22 17:26:39.709 | INFO     | logger:log:13 - Last sync time: 2025-01-10 03:26:03.331310
2025-01-22 17:26:53.000 | INFO     | logger:log:13 - Last sync time: 2025-01-10 03:26:03.331310
2025-01-22 17:28:22.301 | INFO     | logger:log:13 - Last sync time: 2025-01-22 15:32:00+08:00
2025-01-22 17:28:57.634 | INFO     | logger:log:13 - Last sync time: 2025-01-10 15:32:00+08:00
2025-01-22 17:29:19.492 | INFO     | logger:log:13 - Last sync time: 2025-01-10 15:32:00+08:00
2025-01-22 17:31:45.979 | INFO     | logger:log:13 - Last sync time: 2025-01-10 15:32:00+08:00
2025-01-22 17:32:21.869 | INFO     | logger:log:13 - Number of flomo memos to sync: 31
2025-01-22 17:33:15.144 | INFO     | logger:log:13 - Last sync time: 2025-01-10 15:32:00+08:00
2025-01-22 17:33:36.284 | INFO     | logger:log:13 - Number of flomo memos to sync: 31
2025-01-22 17:35:15.275 | INFO     | logger:log:13 - Last sync time: 2025-01-10 15:32:00+08:00
2025-01-22 17:35:40.497 | INFO     | logger:log:13 - Number of flomo memos to sync: 31
2025-01-22 17:36:06.204 | INFO     | logger:log:13 - Last sync time: 2025-01-10 15:32:00+08:00
2025-01-22 17:36:31.191 | INFO     | logger:log:13 - Number of flomo memos to sync: 31
2025-01-22 17:40:59.242 | INFO     | logger:log:13 - Last sync time: 2025-01-10 15:32:00+08:00
2025-01-22 17:41:14.025 | INFO     | logger:log:13 - Number of flomo memos to sync: 31
2025-01-22 17:42:10.889 | INFO     | logger:log:13 - Last sync time: 2025-01-10 15:32:00+08:00
2025-01-22 17:42:29.574 | INFO     | logger:log:13 - Number of flomo memos to sync: 31
2025-01-22 17:51:15.258 | INFO     | logger:log:13 - Last sync time: 2025-01-10 15:32:00+08:00
2025-01-22 17:51:32.013 | INFO     | logger:log:13 - Number of flomo memos to sync: 31
2025-01-22 18:07:32.550 | INFO     | logger:log:13 - Last sync time: 2025-01-10 15:32:00+08:00
2025-01-22 18:07:55.064 | INFO     | logger:log:13 - Number of flomo memos to sync: 31
2025-01-22 18:07:57.923 | INFO     | logger:log:13 - Finished syncing flomo memos to Readwise
2025-01-22 18:07:57.930 | INFO     | logger:log:13 - Update last sync time: 2025-01-22 18:07:57.927264
2025-01-22 18:07:57.930 | INFO     | logger:log:13 - Finished
2025-01-22 18:07:57.930 | INFO     | logger:log:13 - 
2025-01-23 14:26:47.647 | INFO     | logger:log:13 - Last sync time: 2025-01-22 18:07:57.927264
2025-01-23 14:29:39.170 | INFO     | logger:log:13 - Last sync time: 2025-01-10 15:32:00+08:00
2025-01-23 14:30:33.980 | INFO     | logger:log:13 - Last sync time: 2025-01-10 15:32:00+08:00
2025-01-23 15:11:16.491 | INFO     | logger:log:13 - Last sync time: 2025-01-10 15:32:00+08:00
2025-01-23 15:11:16.491 | INFO     | logger:log:13 - Last sync time: 2025-01-10 15:32:00+08:00
2025-01-23 15:11:49.575 | INFO     | logger:log:13 - Last sync time: 2025-01-10 15:32:00+08:00
2025-01-23 15:11:49.575 | INFO     | logger:log:13 - Last sync time: 2025-01-10 15:32:00+08:00
2025-01-23 15:12:34.352 | INFO     | logger:log:13 - Last sync time: 2025-01-10 15:32:00+08:00
2025-01-23 15:12:34.352 | INFO     | logger:log:13 - Last sync time: 2025-01-10 15:32:00+08:00
2025-01-23 15:13:52.527 | INFO     | logger:log:13 - Last sync time: 2025-01-10 15:32:00+08:00
2025-01-23 15:13:52.527 | INFO     | logger:log:13 - Last sync time: 2025-01-10 15:32:00+08:00
2025-01-23 15:15:27.957 | INFO     | logger:log:13 - Last sync time: 2025-01-10 15:32:00+08:00
2025-01-23 15:15:27.957 | INFO     | logger:log:13 - Last sync time: 2025-01-10 15:32:00+08:00
2025-01-23 15:17:33.689 | INFO     | logger:log:13 - Last sync time: 2025-01-10 15:32:00+08:00
2025-01-23 15:17:33.689 | INFO     | logger:log:13 - Last sync time: 2025-01-10 15:32:00+08:00
2025-01-23 15:20:15.566 | INFO     | logger:log:13 - Last sync time: 2025-01-10 15:32:00+08:00
2025-01-23 15:20:15.566 | INFO     | logger:log:13 - Last sync time: 2025-01-10 15:32:00+08:00
2025-01-23 15:25:17.905 | INFO     | logger:log:13 - Last sync time: 2025-01-10 15:32:00+08:00
2025-01-23 15:25:17.905 | INFO     | logger:log:13 - Last sync time: 2025-01-10 15:32:00+08:00
2025-01-23 15:28:19.273 | INFO     | logger:log:13 - Last sync time: 2025-01-10 15:32:00+08:00
2025-01-23 15:28:19.273 | INFO     | logger:log:13 - Last sync time: 2025-01-10 15:32:00+08:00
2025-01-23 15:30:10.693 | INFO     | logger:log:13 - Last sync time: 2025-01-10 15:32:00+08:00
2025-01-23 15:30:10.693 | INFO     | logger:log:13 - Last sync time: 2025-01-10 15:32:00+08:00
2025-01-23 15:32:29.454 | INFO     | logger:log:13 - Last sync time: 2025-01-10 15:32:00+08:00
2025-01-23 15:32:29.454 | INFO     | logger:log:13 - Last sync time: 2025-01-10 15:32:00+08:00
2025-01-23 15:34:34.531 | INFO     | logger:log:13 - Last sync time: 2025-01-10 15:32:00+08:00
2025-01-23 15:34:34.531 | INFO     | logger:log:13 - Last sync time: 2025-01-10 15:32:00+08:00
2025-01-23 15:35:28.225 | INFO     | logger:log:13 - Number of flomo memos to sync: 38
2025-01-23 15:35:28.225 | INFO     | logger:log:13 - Number of flomo memos to sync: 38
2025-01-23 15:36:27.238 | INFO     | logger:log:13 - Finished syncing flomo memos to Github
2025-01-23 15:36:27.238 | INFO     | logger:log:13 - Finished syncing flomo memos to Github
