2025-01-23 15:11:16.491 | INFO     | logger:log:13 - Last sync time: 2025-01-10 15:32:00+08:00
2025-01-23 15:11:49.575 | INFO     | logger:log:13 - Last sync time: 2025-01-10 15:32:00+08:00
2025-01-23 15:12:34.352 | INFO     | logger:log:13 - Last sync time: 2025-01-10 15:32:00+08:00
2025-01-23 15:13:52.527 | INFO     | logger:log:13 - Last sync time: 2025-01-10 15:32:00+08:00
2025-01-23 15:15:27.957 | INFO     | logger:log:13 - Last sync time: 2025-01-10 15:32:00+08:00
2025-01-23 15:17:33.689 | INFO     | logger:log:13 - Last sync time: 2025-01-10 15:32:00+08:00
2025-01-23 15:20:15.566 | INFO     | logger:log:13 - Last sync time: 2025-01-10 15:32:00+08:00
2025-01-23 15:28:19.273 | INFO     | logger:log:13 - Last sync time: 2025-01-10 15:32:00+08:00
2025-01-23 15:30:10.693 | INFO     | logger:log:13 - Last sync time: 2025-01-10 15:32:00+08:00
2025-01-23 15:32:29.454 | INFO     | logger:log:13 - Last sync time: 2025-01-10 15:32:00+08:00
2025-01-23 15:34:34.531 | INFO     | logger:log:13 - Last sync time: 2025-01-10 15:32:00+08:00
2025-01-23 15:35:28.225 | INFO     | logger:log:13 - Number of flomo memos to sync: 38
2025-01-23 15:36:27.238 | INFO     | logger:log:13 - Finished syncing flomo memos to Github
2025-01-23 16:02:14.039 | INFO     | logger:log:13 - First sync
2025-01-23 16:03:17.032 | INFO     | logger:log:13 - Last sync time: 2025-01-10 15:32:00+08:00
2025-01-23 16:04:16.251 | INFO     | logger:log:13 - Number of flomo memos to sync: 38
2025-01-23 18:54:25.465 | INFO     | logger:log:13 - Last sync time: 2025-01-10 15:32:00+08:00
2025-01-23 18:54:46.369 | INFO     | logger:log:13 - Number of flomo memos to sync: 38
2025-01-23 19:04:14.418 | INFO     | logger:log:13 - Last sync time: 2025-01-10 15:32:00+08:00
2025-01-23 19:04:40.084 | INFO     | logger:log:13 - Number of flomo memos to sync: 38
2025-01-23 19:06:46.596 | INFO     | logger:log:13 - Last sync time: 2025-01-10 15:32:00+08:00
2025-01-23 19:11:02.081 | INFO     | logger:log:13 - Last sync time: 2025-01-10 15:32:00+08:00
2025-01-23 19:12:20.226 | INFO     | logger:log:13 - Number of flomo memos to sync: 75
2025-01-23 20:49:52.948 | INFO     | logger:log:13 - Last sync time: 2025-01-19 15:32:00+08:00
2025-01-23 20:50:00.614 | INFO     | logger:log:13 - Last sync time: 2025-01-19 15:32:00+08:00
2025-01-23 20:50:20.432 | INFO     | logger:log:13 - Number of flomo memos to sync: 30
2025-01-23 20:50:24.843 | INFO     | logger:log:13 - Successfully added 2025_01_23.md to GitHub.
2025-01-23 20:53:44.521 | INFO     | logger:log:13 - Successfully appended content to 2025_01_22.md on GitHub.
2025-01-23 20:55:01.660 | INFO     | logger:log:13 - Successfully appended content to 2025_01_21.md on GitHub.
2025-01-23 20:55:04.848 | INFO     | logger:log:13 - Successfully added 2025_01_20.md to GitHub.
2025-01-23 20:55:21.814 | INFO     | logger:log:13 - Successfully appended content to 2025_01_19.md on GitHub.
2025-01-23 20:55:25.922 | INFO     | logger:log:13 - Finished syncing flomo memos to Github
2025-01-23 20:55:25.925 | INFO     | logger:log:13 - Update last sync time: 2025-01-23 20:55:25
2025-01-23 20:55:25.926 | INFO     | logger:log:13 - Finished
2025-01-23 20:55:25.926 | INFO     | logger:log:13 - 
2025-01-23 13:11:37.736 | INFO     | logger:log:13 - Last sync time: 2025-01-23 21:03:35+08:00
2025-01-23 13:11:41.236 | INFO     | logger:log:13 - Number of flomo memos to sync: 0
2025-01-23 13:11:41.237 | INFO     | logger:log:13 - No flomo memos to sync
2025-01-23 13:11:41.237 | INFO     | logger:log:13 - Update last sync time: 2025-01-23 21:11:41+08:00
2025-01-23 13:11:41.238 | INFO     | logger:log:13 - Finished
2025-01-23 13:11:41.238 | INFO     | logger:log:13 - 
2025-01-23 13:20:08.674 | INFO     | logger:log:13 - Last sync time: 2025-01-23 21:11:41+08:00
2025-01-23 13:20:10.776 | INFO     | logger:log:13 - Number of flomo memos to sync: 0
2025-01-23 13:20:10.776 | INFO     | logger:log:13 - No flomo memos to sync
2025-01-23 13:20:10.776 | INFO     | logger:log:13 - Update last sync time: 2025-01-23 21:20:10+08:00
2025-01-23 13:20:10.777 | INFO     | logger:log:13 - Finished
2025-01-23 13:20:10.777 | INFO     | logger:log:13 - 
2025-01-23 13:36:44.668 | INFO     | logger:log:13 - Last sync time: 2025-01-23 21:20:10+08:00
2025-01-23 13:36:49.160 | INFO     | logger:log:13 - Number of flomo memos to sync: 0
2025-01-23 13:36:49.160 | INFO     | logger:log:13 - No flomo memos to sync
2025-01-23 13:36:49.160 | INFO     | logger:log:13 - Update last sync time: 2025-01-23 21:36:49+08:00
2025-01-23 13:36:49.161 | INFO     | logger:log:13 - Finished
2025-01-23 13:36:49.161 | INFO     | logger:log:13 - 
